Using pre-set license
Built from '2021.3/staging' branch; Version is '2021.3.18f1 (3129e69bc0c7) revision 3221990'; Using compiler version '192829333'; Build Type 'Release'
OS: 'Windows 10  (10.0.19045) 64bit Core' Language: 'it' Physical Memory: 16085 MB
BatchMode: 1, IsHumanControllingUs: 0, StartBugReporterOnCrash: 0, Is64bit: 1, IsPro: 1

COMMAND LINE ARGUMENTS:
C:\Program Files\Unity\Hub\Editor\2021.3.18f1\Editor\Unity.exe
-adb2
-batchMode
-noUpm
-name
AssetImportWorker0
-projectPath
D:/Projects/Unity/Unity-Easy-Pixel-Camera/Source
-logFile
Logs/AssetImportWorker0.log
-srvPort
61316
Successfully changed project path to: D:/Projects/Unity/Unity-Easy-Pixel-Camera/Source
D:/Projects/Unity/Unity-Easy-Pixel-Camera/Source
[UnityMemory] Configuration Parameters - Can be set up in boot.config
    "memorysetup-bucket-allocator-granularity=16"
    "memorysetup-bucket-allocator-bucket-count=8"
    "memorysetup-bucket-allocator-block-size=33554432"
    "memorysetup-bucket-allocator-block-count=8"
    "memorysetup-main-allocator-block-size=16777216"
    "memorysetup-thread-allocator-block-size=16777216"
    "memorysetup-gfx-main-allocator-block-size=16777216"
    "memorysetup-gfx-thread-allocator-block-size=16777216"
    "memorysetup-cache-allocator-block-size=4194304"
    "memorysetup-typetree-allocator-block-size=2097152"
    "memorysetup-profiler-bucket-allocator-granularity=16"
    "memorysetup-profiler-bucket-allocator-bucket-count=8"
    "memorysetup-profiler-bucket-allocator-block-size=33554432"
    "memorysetup-profiler-bucket-allocator-block-count=8"
    "memorysetup-profiler-allocator-block-size=16777216"
    "memorysetup-profiler-editor-allocator-block-size=1048576"
    "memorysetup-temp-allocator-size-main=16777216"
    "memorysetup-job-temp-allocator-block-size=2097152"
    "memorysetup-job-temp-allocator-block-size-background=1048576"
    "memorysetup-job-temp-allocator-reduction-small-platforms=262144"
    "memorysetup-temp-allocator-size-background-worker=32768"
    "memorysetup-temp-allocator-size-job-worker=262144"
    "memorysetup-temp-allocator-size-preload-manager=33554432"
    "memorysetup-temp-allocator-size-nav-mesh-worker=65536"
    "memorysetup-temp-allocator-size-audio-worker=65536"
    "memorysetup-temp-allocator-size-cloud-worker=32768"
    "memorysetup-temp-allocator-size-gi-baking-worker=262144"
    "memorysetup-temp-allocator-size-gfx=262144"
Player connection [15592] Host "[IP] 192.168.1.106 [Port] 0 [Flags] 2 [Guid] 3838295086 [EditorId] 3838295086 [Version] 1048832 [Id] WindowsEditor(7,DESKTOP-AGR417L) [Debug] 1 [PackageName] WindowsEditor [ProjectName] Editor" joined multi-casting on [225.0.0.222:54997]...

Player connection [15592] Host "[IP] 192.168.1.106 [Port] 0 [Flags] 2 [Guid] 3838295086 [EditorId] 3838295086 [Version] 1048832 [Id] WindowsEditor(7,DESKTOP-AGR417L) [Debug] 1 [PackageName] WindowsEditor [ProjectName] Editor" joined alternative multi-casting on [225.0.0.222:34997]...

Refreshing native plugins compatible for Editor in 78.48 ms, found 3 plugins.
Preloading 0 native plugins for Editor in 0.00 ms.
Initialize engine version: 2021.3.18f1 (3129e69bc0c7)
[Subsystems] Discovering subsystems at path C:/Program Files/Unity/Hub/Editor/2021.3.18f1/Editor/Data/Resources/UnitySubsystems
[Subsystems] Discovering subsystems at path D:/Projects/Unity/Unity-Easy-Pixel-Camera/Source/Assets
GfxDevice: creating device client; threaded=0; jobified=0
Direct3D:
    Version:  Direct3D 11.0 [level 11.1]
    Renderer: NVIDIA GeForce RTX 3060 Laptop GPU (ID=0x2520)
    Vendor:   NVIDIA
    VRAM:     6023 MB
    Driver:   30.0.14.7141
Initialize mono
Mono path[0] = 'C:/Program Files/Unity/Hub/Editor/2021.3.18f1/Editor/Data/Managed'
Mono path[1] = 'C:/Program Files/Unity/Hub/Editor/2021.3.18f1/Editor/Data/MonoBleedingEdge/lib/mono/unityjit-win32'
Mono config path = 'C:/Program Files/Unity/Hub/Editor/2021.3.18f1/Editor/Data/MonoBleedingEdge/etc'
Using monoOptions --debugger-agent=transport=dt_socket,embedding=1,server=y,suspend=n,address=127.0.0.1:56304
Begin MonoManager ReloadAssembly
Registering precompiled unity dll's ...
Register platform support module: C:/Program Files/Unity/Hub/Editor/2021.3.18f1/Editor/Data/PlaybackEngines/WebGLSupport/UnityEditor.WebGL.Extensions.dll
Register platform support module: C:/Program Files/Unity/Hub/Editor/2021.3.18f1/Editor/Data/PlaybackEngines/AndroidPlayer/UnityEditor.Android.Extensions.dll
Register platform support module: C:/Program Files/Unity/Hub/Editor/2021.3.18f1/Editor/Data/PlaybackEngines/WindowsStandaloneSupport/UnityEditor.WindowsStandalone.Extensions.dll
Register platform support module: C:/Program Files/Unity/Hub/Editor/2021.3.18f1/Editor/Data/PlaybackEngines/MetroSupport/UnityEditor.UWP.Extensions.dll
Registered in 0.008924 seconds.
Native extension for UWP target not found
Native extension for WindowsStandalone target not found
Native extension for Android target not found
Android Extension - Scanning For ADB Devices 187 ms
Native extension for WebGL target not found
Refreshing native plugins compatible for Editor in 96.02 ms, found 3 plugins.
Preloading 0 native plugins for Editor in 0.00 ms.
Mono: successfully reloaded assembly
- Completed reload, in  0.855 seconds
Domain Reload Profiling:
	ReloadAssembly (856ms)
		BeginReloadAssembly (52ms)
			ExecutionOrderSort (0ms)
			DisableScriptedObjects (0ms)
			BackupInstance (0ms)
			ReleaseScriptingObjects (0ms)
			CreateAndSetChildDomain (1ms)
		EndReloadAssembly (680ms)
			LoadAssemblies (51ms)
			RebuildTransferFunctionScriptingTraits (0ms)
			SetupTypeCache (130ms)
			ReleaseScriptCaches (0ms)
			RebuildScriptCaches (29ms)
			SetupLoadedEditorAssemblies (469ms)
				LogAssemblyErrors (0ms)
				InitializePlatformSupportModulesInManaged (271ms)
				SetLoadedEditorAssemblies (0ms)
				RefreshPlugins (96ms)
				BeforeProcessingInitializeOnLoad (1ms)
				ProcessInitializeOnLoadAttributes (64ms)
				ProcessInitializeOnLoadMethodAttributes (36ms)
				AfterProcessingInitializeOnLoad (0ms)
				EditorAssembliesLoaded (0ms)
			ExecutionOrderSort2 (0ms)
			AwakeInstancesAfterBackupRestoration (0ms)
Platform modules already initialized, skipping
Registering precompiled user dll's ...
Registered in 0.005723 seconds.
Begin MonoManager ReloadAssembly
Symbol file LoadedFromMemory doesn't match image D:\Projects\Unity\Unity-Easy-Pixel-Camera\Source\Library\PackageCache\com.unity.visualscripting@1.8.0\Editor\VisualScripting.Core\Dependencies\YamlDotNet\Unity.VisualScripting.YamlDotNet.dll
Symbol file LoadedFromMemory doesn't match image D:\Projects\Unity\Unity-Easy-Pixel-Camera\Source\Library\PackageCache\com.unity.visualscripting@1.8.0\Editor\VisualScripting.Core\Dependencies\DotNetZip\Unity.VisualScripting.IonicZip.dll
Native extension for UWP target not found
Native extension for WindowsStandalone target not found
Native extension for Android target not found
Native extension for WebGL target not found
Refreshing native plugins compatible for Editor in 113.04 ms, found 3 plugins.
Preloading 0 native plugins for Editor in 0.00 ms.
Mono: successfully reloaded assembly
- Completed reload, in  1.448 seconds
Domain Reload Profiling:
	ReloadAssembly (1449ms)
		BeginReloadAssembly (99ms)
			ExecutionOrderSort (0ms)
			DisableScriptedObjects (6ms)
			BackupInstance (0ms)
			ReleaseScriptingObjects (0ms)
			CreateAndSetChildDomain (20ms)
		EndReloadAssembly (1226ms)
			LoadAssemblies (76ms)
			RebuildTransferFunctionScriptingTraits (0ms)
			SetupTypeCache (281ms)
			ReleaseScriptCaches (1ms)
			RebuildScriptCaches (73ms)
			SetupLoadedEditorAssemblies (720ms)
				LogAssemblyErrors (0ms)
				InitializePlatformSupportModulesInManaged (20ms)
				SetLoadedEditorAssemblies (0ms)
				RefreshPlugins (113ms)
				BeforeProcessingInitializeOnLoad (113ms)
				ProcessInitializeOnLoadAttributes (404ms)
				ProcessInitializeOnLoadMethodAttributes (62ms)
				AfterProcessingInitializeOnLoad (8ms)
				EditorAssembliesLoaded (0ms)
			ExecutionOrderSort2 (0ms)
			AwakeInstancesAfterBackupRestoration (6ms)
Platform modules already initialized, skipping
========================================================================
Worker process is ready to serve import requests
Launched and connected shader compiler UnityShaderCompiler.exe after 0.04 seconds
Refreshing native plugins compatible for Editor in 1.06 ms, found 3 plugins.
Preloading 0 native plugins for Editor in 0.00 ms.
Unloading 4706 Unused Serialized files (Serialized files now loaded: 0)
Unloading 31 unused Assets / (0.7 MB). Loaded Objects now: 5163.
Memory consumption went from 189.3 MB to 188.6 MB.
Total: 4.886000 ms (FindLiveObjects: 0.529700 ms CreateObjectMapping: 0.457000 ms MarkObjects: 3.524700 ms  DeleteObjects: 0.373500 ms)

AssetImportParameters requested are different than current active one (requested -> active):
  custom:video-decoder-ogg-theora: a1e56fd34408186e4bbccfd4996cb3dc -> 
  custom:container-muxer-webm: aa71ff27fc2769a1b78a27578f13a17b -> 
  custom:container-demuxer-webm: 4f35f7cbe854078d1ac9338744f61a02 -> 
  custom:video-encoder-webm-vp8: eb34c28f22e8b96e1ab97ce403110664 -> 
  custom:audio-encoder-webm-vorbis: bf7c407c2cedff20999df2af8eb42d56 -> 
  custom:framework-win-MediaFoundation: 216162199b28c13a410421893ffa2e32 -> 
  custom:container-demuxer-ogg: 62fdf1f143b41e24485cea50d1cbac27 -> 
  custom:video-decoder-webm-vp8: 9c59270c3fd7afecdb556c50c9e8de78 -> 
  custom:audio-decoder-ogg-vorbis: bf7c407c2cedff20999df2af8eb42d56 -> 
========================================================================
Received Import Request.
  Time since last request: 220663.925424 seconds.
  path: Assets/EasyPixelatedCamera/Materials/Blue.mat
  artifactKey: Guid(186aaa6d3b15db14abb9133ca42e26a6) Importer(815301076,1909f56bfc062723c751e8b465ee728b)
Start importing Assets/EasyPixelatedCamera/Materials/Blue.mat using Guid(186aaa6d3b15db14abb9133ca42e26a6) Importer(815301076,1909f56bfc062723c751e8b465ee728b)  -> (artifact id: 'e906d26a6e6bb89b2048e2707d289b59') in 0.262996 seconds 
========================================================================
Received Import Request.
  Time since last request: 0.000023 seconds.
  path: Assets/EasyPixelatedCamera/Scripts/PixelatedCamera.cs
  artifactKey: Guid(6cf5f03a334d30949a82c752cabb5cf9) Importer(815301076,1909f56bfc062723c751e8b465ee728b)
Start importing Assets/EasyPixelatedCamera/Scripts/PixelatedCamera.cs using Guid(6cf5f03a334d30949a82c752cabb5cf9) Importer(815301076,1909f56bfc062723c751e8b465ee728b)  -> (artifact id: '38a0351ffc4cc71233aff984a6dfb5b9') in 0.005853 seconds 
========================================================================
Received Import Request.
  Time since last request: 0.011121 seconds.
  path: Assets/EasyPixelatedCamera/Editor/PixelatedCameraEditor.cs
  artifactKey: Guid(536def9b78bf142408a9c4f62d55cbf4) Importer(815301076,1909f56bfc062723c751e8b465ee728b)
Start importing Assets/EasyPixelatedCamera/Editor/PixelatedCameraEditor.cs using Guid(536def9b78bf142408a9c4f62d55cbf4) Importer(815301076,1909f56bfc062723c751e8b465ee728b)  -> (artifact id: '4b9fda6e12f585f60ade7dc2a3398343') in 0.001612 seconds 
========================================================================
Received Import Request.
  Time since last request: 0.001007 seconds.
  path: Assets/EasyPixelatedCamera/Materials/Red.mat
  artifactKey: Guid(b2430a1b0d3deda42af1a3d612c5089b) Importer(815301076,1909f56bfc062723c751e8b465ee728b)
Start importing Assets/EasyPixelatedCamera/Materials/Red.mat using Guid(b2430a1b0d3deda42af1a3d612c5089b) Importer(815301076,1909f56bfc062723c751e8b465ee728b)  -> (artifact id: '9b3984f89478884fa595d836edd309ee') in 0.014399 seconds 
========================================================================
Received Import Request.
  Time since last request: 0.001047 seconds.
  path: Assets/EasyPixelatedCamera/Materials/Green.mat
  artifactKey: Guid(40d0d226e129506488b74004bcef01de) Importer(815301076,1909f56bfc062723c751e8b465ee728b)
Start importing Assets/EasyPixelatedCamera/Materials/Green.mat using Guid(40d0d226e129506488b74004bcef01de) Importer(815301076,1909f56bfc062723c751e8b465ee728b)  -> (artifact id: 'b7feceb417b6db0656e55edfd2288eb7') in 0.012419 seconds 
========================================================================
Received Import Request.
  Time since last request: 0.000093 seconds.
  path: Assets/EasyPixelatedCamera/Editor
  artifactKey: Guid(103ee9f5dc897ff48b9393a409205e3d) Importer(815301076,1909f56bfc062723c751e8b465ee728b)
Start importing Assets/EasyPixelatedCamera/Editor using Guid(103ee9f5dc897ff48b9393a409205e3d) Importer(815301076,1909f56bfc062723c751e8b465ee728b)  -> (artifact id: '5b67c93e35e680fa8f1adc898194cd1b') in 0.003915 seconds 
========================================================================
Received Import Request.
  Time since last request: 0.001520 seconds.
  path: Assets/EasyPixelatedCamera/Prefabs/PIxel Camera.prefab
  artifactKey: Guid(ac1f06b9d78438347a11c8f98a77cd40) Importer(815301076,1909f56bfc062723c751e8b465ee728b)
Start importing Assets/EasyPixelatedCamera/Prefabs/PIxel Camera.prefab using Guid(ac1f06b9d78438347a11c8f98a77cd40) Importer(815301076,1909f56bfc062723c751e8b465ee728b)  -> (artifact id: '62d66a218a05d70fe41850397e99e430') in 0.013712 seconds 
========================================================================
Received Import Request.
  Time since last request: 0.001324 seconds.
  path: Assets/EasyPixelatedCamera/Scenes/SampleScene.unity
  artifactKey: Guid(99c9720ab356a0642a771bea13969a05) Importer(815301076,1909f56bfc062723c751e8b465ee728b)
Start importing Assets/EasyPixelatedCamera/Scenes/SampleScene.unity using Guid(99c9720ab356a0642a771bea13969a05) Importer(815301076,1909f56bfc062723c751e8b465ee728b)  -> (artifact id: '445c44bd3f773cf2117e2fdd64ba32d0') in 0.003658 seconds 
========================================================================
Received Import Request.
  Time since last request: 0.000170 seconds.
  path: Assets/EasyPixelatedCamera/Scripts
  artifactKey: Guid(849fea0afd1f303428764f1b9554b540) Importer(815301076,1909f56bfc062723c751e8b465ee728b)
Start importing Assets/EasyPixelatedCamera/Scripts using Guid(849fea0afd1f303428764f1b9554b540) Importer(815301076,1909f56bfc062723c751e8b465ee728b)  -> (artifact id: '262e71eb4967df4e2b53ac2368e6a9ed') in 0.003553 seconds 
========================================================================
Received Import Request.
  Time since last request: 0.001531 seconds.
  path: Assets/EasyPixelatedCamera/Scripts/ScreenSize.cs
  artifactKey: Guid(a81d09dc3973b9247b00235508031723) Importer(815301076,1909f56bfc062723c751e8b465ee728b)
Start importing Assets/EasyPixelatedCamera/Scripts/ScreenSize.cs using Guid(a81d09dc3973b9247b00235508031723) Importer(815301076,1909f56bfc062723c751e8b465ee728b)  -> (artifact id: 'c2d2b18964bf2db8f64aa0515ecb3883') in 0.003831 seconds 
